<?xml version="1.0" encoding="UTF-8"?>
<testsuite name="hons.project.MDVRP.ApplicationTests" tests="1" skipped="0" failures="0" errors="0" timestamp="2020-02-23T17:08:32" hostname="DESKTOP-MTGLU6B" time="0.432">
  <properties/>
  <testcase name="contextLoads()" classname="hons.project.MDVRP.ApplicationTests" time="0.432"/>
  <system-out><![CDATA[17:08:29.333 [Test worker] DEBUG org.springframework.test.context.BootstrapUtils - Instantiating CacheAwareContextLoaderDelegate from class [org.springframework.test.context.cache.DefaultCacheAwareContextLoaderDelegate]
17:08:29.363 [Test worker] DEBUG org.springframework.test.context.BootstrapUtils - Instantiating BootstrapContext using constructor [public org.springframework.test.context.support.DefaultBootstrapContext(java.lang.Class,org.springframework.test.context.CacheAwareContextLoaderDelegate)]
17:08:29.403 [Test worker] DEBUG org.springframework.test.context.BootstrapUtils - Instantiating TestContextBootstrapper for test class [hons.project.MDVRP.ApplicationTests] from class [org.springframework.boot.test.context.SpringBootTestContextBootstrapper]
17:08:29.432 [Test worker] INFO org.springframework.boot.test.context.SpringBootTestContextBootstrapper - Neither @ContextConfiguration nor @ContextHierarchy found for test class [hons.project.MDVRP.ApplicationTests], using SpringBootContextLoader
17:08:29.441 [Test worker] DEBUG org.springframework.test.context.support.AbstractContextLoader - Did not detect default resource location for test class [hons.project.MDVRP.ApplicationTests]: class path resource [hons/project/MDVRP/ApplicationTests-context.xml] does not exist
17:08:29.441 [Test worker] DEBUG org.springframework.test.context.support.AbstractContextLoader - Did not detect default resource location for test class [hons.project.MDVRP.ApplicationTests]: class path resource [hons/project/MDVRP/ApplicationTestsContext.groovy] does not exist
17:08:29.441 [Test worker] INFO org.springframework.test.context.support.AbstractContextLoader - Could not detect default resource locations for test class [hons.project.MDVRP.ApplicationTests]: no resource found for suffixes {-context.xml, Context.groovy}.
17:08:29.443 [Test worker] INFO org.springframework.test.context.support.AnnotationConfigContextLoaderUtils - Could not detect default configuration classes for test class [hons.project.MDVRP.ApplicationTests]: ApplicationTests does not declare any static, non-private, non-final, nested classes annotated with @Configuration.
17:08:29.507 [Test worker] DEBUG org.springframework.test.context.support.ActiveProfilesUtils - Could not find an 'annotation declaring class' for annotation type [org.springframework.test.context.ActiveProfiles] and class [hons.project.MDVRP.ApplicationTests]
17:08:29.616 [Test worker] DEBUG org.springframework.context.annotation.ClassPathScanningCandidateComponentProvider - Identified candidate component class: file [Z:\Users\James\Dropbox\Uni Year 4\Honours Project\MDVRP\build\classes\java\main\hons\project\MDVRP\Application.class]
17:08:29.621 [Test worker] INFO org.springframework.boot.test.context.SpringBootTestContextBootstrapper - Found @SpringBootConfiguration hons.project.MDVRP.Application for test class hons.project.MDVRP.ApplicationTests
17:08:29.797 [Test worker] DEBUG org.springframework.boot.test.context.SpringBootTestContextBootstrapper - @TestExecutionListeners is not present for class [hons.project.MDVRP.ApplicationTests]: using defaults.
17:08:29.798 [Test worker] INFO org.springframework.boot.test.context.SpringBootTestContextBootstrapper - Loaded default TestExecutionListener class names from location [META-INF/spring.factories]: [org.springframework.boot.test.autoconfigure.restdocs.RestDocsTestExecutionListener, org.springframework.boot.test.autoconfigure.web.client.MockRestServiceServerResetTestExecutionListener, org.springframework.boot.test.autoconfigure.web.servlet.MockMvcPrintOnlyOnFailureTestExecutionListener, org.springframework.boot.test.autoconfigure.web.servlet.WebDriverTestExecutionListener, org.springframework.boot.test.mock.mockito.MockitoTestExecutionListener, org.springframework.boot.test.mock.mockito.ResetMocksTestExecutionListener, org.springframework.test.context.web.ServletTestExecutionListener, org.springframework.test.context.support.DirtiesContextBeforeModesTestExecutionListener, org.springframework.test.context.support.DependencyInjectionTestExecutionListener, org.springframework.test.context.support.DirtiesContextTestExecutionListener, org.springframework.test.context.transaction.TransactionalTestExecutionListener, org.springframework.test.context.jdbc.SqlScriptsTestExecutionListener, org.springframework.test.context.event.EventPublishingTestExecutionListener]
17:08:29.819 [Test worker] DEBUG org.springframework.boot.test.context.SpringBootTestContextBootstrapper - Skipping candidate TestExecutionListener [org.springframework.test.context.transaction.TransactionalTestExecutionListener] due to a missing dependency. Specify custom listener classes or make the default listener classes and their required dependencies available. Offending class: [org/springframework/transaction/interceptor/TransactionAttributeSource]
17:08:29.821 [Test worker] DEBUG org.springframework.boot.test.context.SpringBootTestContextBootstrapper - Skipping candidate TestExecutionListener [org.springframework.test.context.jdbc.SqlScriptsTestExecutionListener] due to a missing dependency. Specify custom listener classes or make the default listener classes and their required dependencies available. Offending class: [org/springframework/transaction/interceptor/TransactionAttribute]
17:08:29.821 [Test worker] INFO org.springframework.boot.test.context.SpringBootTestContextBootstrapper - Using TestExecutionListeners: [org.springframework.test.context.web.ServletTestExecutionListener@1d1dfa77, org.springframework.test.context.support.DirtiesContextBeforeModesTestExecutionListener@4c570c44, org.springframework.boot.test.mock.mockito.MockitoTestExecutionListener@18274682, org.springframework.boot.test.autoconfigure.SpringBootDependencyInjectionTestExecutionListener@22821a31, org.springframework.test.context.support.DirtiesContextTestExecutionListener@50be8254, org.springframework.test.context.event.EventPublishingTestExecutionListener@247f912b, org.springframework.boot.test.autoconfigure.restdocs.RestDocsTestExecutionListener@64ec070, org.springframework.boot.test.autoconfigure.web.client.MockRestServiceServerResetTestExecutionListener@34af111a, org.springframework.boot.test.autoconfigure.web.servlet.MockMvcPrintOnlyOnFailureTestExecutionListener@10a799f9, org.springframework.boot.test.autoconfigure.web.servlet.WebDriverTestExecutionListener@4809b40f, org.springframework.boot.test.mock.mockito.ResetMocksTestExecutionListener@38b4a03e]
17:08:29.828 [Test worker] DEBUG org.springframework.test.context.support.AbstractDirtiesContextTestExecutionListener - Before test class: context [DefaultTestContext@65ac1b5e testClass = ApplicationTests, testInstance = [null], testMethod = [null], testException = [null], mergedContextConfiguration = [WebMergedContextConfiguration@2a44de66 testClass = ApplicationTests, locations = '{}', classes = '{class hons.project.MDVRP.Application}', contextInitializerClasses = '[]', activeProfiles = '{}', propertySourceLocations = '{}', propertySourceProperties = '{org.springframework.boot.test.context.SpringBootTestContextBootstrapper=true}', contextCustomizers = set[org.springframework.boot.test.autoconfigure.properties.PropertyMappingContextCustomizer@0, org.springframework.boot.test.autoconfigure.web.servlet.WebDriverContextCustomizerFactory$Customizer@78ee362, org.springframework.boot.test.context.filter.ExcludeFilterContextCustomizer@393546ff, org.springframework.boot.test.json.DuplicateJsonObjectContextCustomizerFactory$DuplicateJsonObjectContextCustomizer@32516b7e, org.springframework.boot.test.mock.mockito.MockitoContextCustomizer@0, org.springframework.boot.test.web.client.TestRestTemplateContextCustomizer@69a7b412], resourceBasePath = 'src/main/webapp', contextLoader = 'org.springframework.boot.test.context.SpringBootContextLoader', parent = [null]], attributes = map['org.springframework.test.context.web.ServletTestExecutionListener.activateListener' -> true]], class annotated with @DirtiesContext [false] with mode [null].
17:08:29.874 [Test worker] DEBUG org.springframework.test.context.support.TestPropertySourceUtils - Adding inlined properties to environment: {spring.jmx.enabled=false, org.springframework.boot.test.context.SpringBootTestContextBootstrapper=true, server.port=-1}

  .   ____          _            __ _ _
 /\\ / ___'_ __ _ _(_)_ __  __ _ \ \ \ \
( ( )\___ | '_ | '_| | '_ \/ _` | \ \ \ \
 \\/  ___)| |_)| | | | | || (_| |  ) ) ) )
  '  |____| .__|_| |_|_| |_\__, | / / / /
 =========|_|==============|___/=/_/_/_/
 :: Spring Boot ::        (v2.2.1.RELEASE)

2020-02-23 17:08:30.244  INFO 3584 --- [    Test worker] hons.project.MDVRP.ApplicationTests      : Starting ApplicationTests on DESKTOP-MTGLU6B with PID 3584 (started by James in Z:\Users\James\Dropbox\Uni Year 4\Honours Project\MDVRP)
2020-02-23 17:08:30.246  INFO 3584 --- [    Test worker] hons.project.MDVRP.ApplicationTests      : No active profile set, falling back to default profiles: default
2020-02-23 17:08:32.277  INFO 3584 --- [    Test worker] o.s.s.concurrent.ThreadPoolTaskExecutor  : Initializing ExecutorService 'applicationTaskExecutor'
2020-02-23 17:08:32.745  INFO 3584 --- [    Test worker] hons.project.MDVRP.ApplicationTests      : Started ApplicationTests in 2.851 seconds (JVM running for 4.659)
]]></system-out>
  <system-err><![CDATA[]]></system-err>
</testsuite>
